<?xml version="1.0" encoding="UTF-8"?>
<!-- Generated by org.testng.reporters.JUnitXMLReporter -->
<testsuite hostname="hp-HP" ignored="0" name="Flight Finder Regression Suite" tests="2" failures="1" timestamp="29 Jun 2019 06:30:05 GMT" time="61.627" errors="0">
  <testcase name="verifyDefaultSelectionFlightType" time="17.956" classname="com.mercury.test.FlightFinderRegressionSuite"/>
  <testcase name="verifyDepartingFromValueSelection" time="29.59" classname="com.mercury.test.FlightFinderRegressionSuite">
    <failure type="java.lang.AssertionError" message="expected:&amp;lt;true&amp;gt; but was:&amp;lt;false&amp;gt;">
      <![CDATA[java.lang.AssertionError: expected:<true> but was:<false>
	at org.junit.Assert.fail(Assert.java:88)
	at org.junit.Assert.failNotEquals(Assert.java:834)
	at org.junit.Assert.assertEquals(Assert.java:118)
	at org.junit.Assert.assertEquals(Assert.java:144)
	at com.mercury.test.FlightFinderRegressionSuite.verifyDepartingFromValueSelection(FlightFinderRegressionSuite.java:56)
... Removed 25 stack frames]]>
    </failure>
  </testcase> <!-- verifyDepartingFromValueSelection -->
</testsuite> <!-- Flight Finder Regression Suite -->
